This is pdfTeX, Version 3.141592653-2.6-1.40.22 (MiKTeX 21.6) (preloaded format=pdflatex 2021.8.25)  23 OCT 2021 16:18
entering extended mode
**"c:/Users/piotr/Documents/Semestr 3/EiWD_zadanie_02.tex"
(c:/Users/piotr/Documents/Semestr 3/EiWD_zadanie_02.tex
LaTeX2e <2021-06-01>
L3 programming layer <2021-06-01> (C:\Users\piotr\AppData\Local\Programs\MiKTeX\tex/latex/base\report.cls
Document Class: report 2021/02/12 v1.4n Standard LaTeX document class
(C:\Users\piotr\AppData\Local\Programs\MiKTeX\tex/latex/base\size11.clo
File: size11.clo 2021/02/12 v1.4n Standard LaTeX file (size option)
)
\c@part=\count182
\c@chapter=\count183
\c@section=\count184
\c@subsection=\count185
\c@subsubsection=\count186
\c@paragraph=\count187
\c@subparagraph=\count188
\c@figure=\count189
\c@table=\count190
\abovecaptionskip=\skip47
\belowcaptionskip=\skip48
\bibindent=\dimen138
) (C:\Users\piotr\AppData\Local\Programs\MiKTeX\tex/generic/babel\babel.sty
Package: babel 2021/06/02 3.60 The Babel package
 (C:\Users\piotr\AppData\Local\Programs\MiKTeX\tex/generic/babel\babel.def
File: babel.def 2021/06/02 3.60 Babel common definitions
\babel@savecnt=\count191
\U@D=\dimen139
\l@unhyphenated=\language79
 (C:\Users\piotr\AppData\Local\Programs\MiKTeX\tex/generic/babel\txtbabel.def)
\bbl@readstream=\read2
)
\bbl@dirlevel=\count192

*************************************
* Local config file bblopts.cfg used
*
(C:\Users\piotr\AppData\Local\Programs\MiKTeX\tex/latex/arabi\bblopts.cfg
File: bblopts.cfg 2005/09/08 v0.1 add Arabic and Farsi to "declared" options of babel
) (C:\Users\piotr\AppData\Local\Programs\MiKTeX\tex/latex/babel-polish\polish.ldf
Language: polish 2005/03/31 v1.2l Polish support from the babel system
Package babel Info: Making " an active character on input line 83.
\pl@left=\dimen140
\pl@down=\dimen141
\pl@right=\dimen142
\pl@temp=\dimen143
)) (C:\Users\piotr\AppData\Local\Programs\MiKTeX\tex/latex/csquotes\csquotes.sty
Package: csquotes 2021-02-22 v5.2l context-sensitive quotations (JAW)
 (C:\Users\piotr\AppData\Local\Programs\MiKTeX\tex/latex/etoolbox\etoolbox.sty
Package: etoolbox 2020/10/05 v2.5k e-TeX tools for LaTeX (JAW)
\etb@tempcnta=\count193
) (C:\Users\piotr\AppData\Local\Programs\MiKTeX\tex/latex/graphics\keyval.sty
Package: keyval 2014/10/28 v1.15 key=value parser (DPC)
\KV@toks@=\toks16
)
\csq@reset=\count194
\csq@gtype=\count195
\csq@glevel=\count196
\csq@qlevel=\count197
\csq@maxlvl=\count198
\csq@tshold=\count199
\csq@ltx@everypar=\toks17
 (C:\Users\piotr\AppData\Local\Programs\MiKTeX\tex/latex/csquotes\csquotes.def
File: csquotes.def 2021-02-22 v5.2l csquotes generic definitions (JAW)
)
Package csquotes Info: Trying to load configuration file 'csquotes.cfg'...
Package csquotes Info: ... configuration file loaded successfully.
 (C:\Users\piotr\AppData\Local\Programs\MiKTeX\tex/latex/csquotes\csquotes.cfg
File: csquotes.cfg 
))
Package csquotes Info: Redefining alias 'polish' -> 'dutch'.
 (C:\Users\piotr\AppData\Local\Programs\MiKTeX\tex/latex/polski\polski.sty
Package: polski 2017/05/04 v1.3.4 Polish language package

   Switching to Polish text encoding and Polish maths fonts.
(C:\Users\piotr\AppData\Local\Programs\MiKTeX\tex/latex/base\ot4enc.def
File: ot4enc.def 2021/04/29 v2.0v Standard LaTeX file
Now handling font encoding OT4 ...
... no UTF-8 mapping file for font encoding OT4
)
LaTeX Font Info:    Trying to load font information for OT4+cmr on input line 360.
 (C:\Users\piotr\AppData\Local\Programs\MiKTeX\tex/latex/polski\ot4cmr.fd
File: ot4cmr.fd 2008/02/24 v1.2.1 Font defs for fonts PL (MW)
)
LaTeX Font Info:    Overwriting math alphabet `\mathbf' in version `normal'
(Font)                  OT1/cmr/bx/n --> OT4/cmr/bx/n on input line 360.
LaTeX Font Info:    Overwriting math alphabet `\mathsf' in version `normal'
(Font)                  OT1/cmss/m/n --> OT4/cmss/m/n on input line 360.
LaTeX Font Info:    Overwriting math alphabet `\mathit' in version `normal'
(Font)                  OT1/cmr/m/it --> OT4/cmr/m/it on input line 360.
LaTeX Font Info:    Overwriting math alphabet `\mathtt' in version `normal'
(Font)                  OT1/cmtt/m/n --> OT4/cmtt/m/n on input line 360.
LaTeX Font Info:    Overwriting math alphabet `\mathsf' in version `bold'
(Font)                  OT1/cmss/bx/n --> OT4/cmss/bx/n on input line 360.
LaTeX Font Info:    Overwriting math alphabet `\mathit' in version `bold'
(Font)                  OT1/cmr/bx/it --> OT4/cmr/bx/it on input line 360.
LaTeX Font Info:    Encoding `OT1' has changed to `OT4' for symbol font
(Font)              `operators' in the math version `normal' on input line 360.
LaTeX Font Info:    Overwriting symbol font `operators' in version `normal'
(Font)                  OT1/cmr/m/n --> OT4/cmr/m/n on input line 360.
LaTeX Font Info:    Overwriting symbol font `letters' in version `normal'
(Font)                  OML/cmm/m/it --> OML/plm/m/it on input line 360.
LaTeX Font Info:    Overwriting symbol font `symbols' in version `normal'
(Font)                  OMS/cmsy/m/n --> OMS/plsy/m/n on input line 360.
LaTeX Font Info:    Overwriting symbol font `largesymbols' in version `normal'
(Font)                  OMX/cmex/m/n --> OMX/plex/m/n on input line 360.
LaTeX Font Info:    Encoding `OT1' has changed to `OT4' for symbol font
(Font)              `operators' in the math version `bold' on input line 360.
LaTeX Font Info:    Overwriting symbol font `operators' in version `bold'
(Font)                  OT1/cmr/bx/n --> OT4/cmr/bx/n on input line 360.
LaTeX Font Info:    Overwriting symbol font `letters' in version `bold'
(Font)                  OML/cmm/b/it --> OML/plm/b/it on input line 360.
LaTeX Font Info:    Overwriting symbol font `symbols' in version `bold'
(Font)                  OMS/cmsy/b/n --> OMS/plsy/b/n on input line 360.
) (C:\Users\piotr\AppData\Local\Programs\MiKTeX\tex/latex/geometry\geometry.sty
Package: geometry 2020/01/02 v5.9 Page Geometry
 (C:\Users\piotr\AppData\Local\Programs\MiKTeX\tex/generic/iftex\ifvtex.sty
Package: ifvtex 2019/10/25 v1.7 ifvtex legacy package. Use iftex instead.
 (C:\Users\piotr\AppData\Local\Programs\MiKTeX\tex/generic/iftex\iftex.sty
Package: iftex 2020/03/06 v1.0d TeX engine tests
))
\Gm@cnth=\count266
\Gm@cntv=\count267
\c@Gm@tempcnt=\count268
\Gm@bindingoffset=\dimen144
\Gm@wd@mp=\dimen145
\Gm@odd@mp=\dimen146
\Gm@even@mp=\dimen147
\Gm@layoutwidth=\dimen148
\Gm@layoutheight=\dimen149
\Gm@layouthoffset=\dimen150
\Gm@layoutvoffset=\dimen151
\Gm@dimlist=\toks18
 (C:\Users\piotr\AppData\Local\Programs\MiKTeX\tex/latex/geometry\geometry.cfg)) (C:\Users\piotr\AppData\Local\Programs\MiKTeX\tex/latex/listings\listings.sty
\lst@mode=\count269
\lst@gtempboxa=\box50
\lst@token=\toks19
\lst@length=\count270
\lst@currlwidth=\dimen152
\lst@column=\count271
\lst@pos=\count272
\lst@lostspace=\dimen153
\lst@width=\dimen154
\lst@newlines=\count273
\lst@lineno=\count274
\lst@maxwidth=\dimen155
 (C:\Users\piotr\AppData\Local\Programs\MiKTeX\tex/latex/listings\lstmisc.sty
File: lstmisc.sty 2020/03/24 1.8d (Carsten Heinz)
\c@lstnumber=\count275
\lst@skipnumbers=\count276
\lst@framebox=\box51
) (C:\Users\piotr\AppData\Local\Programs\MiKTeX\tex/latex/listings\listings.cfg
File: listings.cfg 2020/03/24 1.8d listings configuration
))
Package: listings 2020/03/24 1.8d (Carsten Heinz)
 (C:\Users\piotr\AppData\Local\Programs\MiKTeX\tex/latex/xurl\xurl.sty
Package: xurl 2020/12/30 v 0.09a modify URL breaks
 (C:\Users\piotr\AppData\Local\Programs\MiKTeX\tex/latex/url\url.sty
\Urlmuskip=\muskip16
Package: url 2013/09/16  ver 3.4  Verb mode for urls, etc.
)) (C:\Users\piotr\AppData\Local\Programs\MiKTeX\tex/latex/hyperref\hyperref.sty
Package: hyperref 2021-06-05 v7.00l Hypertext links for LaTeX
 (C:\Users\piotr\AppData\Local\Programs\MiKTeX\tex/generic/ltxcmds\ltxcmds.sty
Package: ltxcmds 2020-05-10 v1.25 LaTeX kernel commands for general use (HO)
) (C:\Users\piotr\AppData\Local\Programs\MiKTeX\tex/generic/pdftexcmds\pdftexcmds.sty
Package: pdftexcmds 2020-06-27 v0.33 Utility functions of pdfTeX for LuaTeX (HO)
 (C:\Users\piotr\AppData\Local\Programs\MiKTeX\tex/generic/infwarerr\infwarerr.sty
Package: infwarerr 2019/12/03 v1.5 Providing info/warning/error messages (HO)
)
Package pdftexcmds Info: \pdf@primitive is available.
Package pdftexcmds Info: \pdf@ifprimitive is available.
Package pdftexcmds Info: \pdfdraftmode found.
) (C:\Users\piotr\AppData\Local\Programs\MiKTeX\tex/generic/kvsetkeys\kvsetkeys.sty
Package: kvsetkeys 2019/12/15 v1.18 Key value parser (HO)
) (C:\Users\piotr\AppData\Local\Programs\MiKTeX\tex/generic/kvdefinekeys\kvdefinekeys.sty
Package: kvdefinekeys 2019-12-19 v1.6 Define keys (HO)
) (C:\Users\piotr\AppData\Local\Programs\MiKTeX\tex/generic/pdfescape\pdfescape.sty
Package: pdfescape 2019/12/09 v1.15 Implements pdfTeX's escape features (HO)
) (C:\Users\piotr\AppData\Local\Programs\MiKTeX\tex/latex/hycolor\hycolor.sty
Package: hycolor 2020-01-27 v1.10 Color options for hyperref/bookmark (HO)
) (C:\Users\piotr\AppData\Local\Programs\MiKTeX\tex/latex/letltxmacro\letltxmacro.sty
Package: letltxmacro 2019/12/03 v1.6 Let assignment for LaTeX macros (HO)
) (C:\Users\piotr\AppData\Local\Programs\MiKTeX\tex/latex/auxhook\auxhook.sty
Package: auxhook 2019-12-17 v1.6 Hooks for auxiliary files (HO)
) (C:\Users\piotr\AppData\Local\Programs\MiKTeX\tex/latex/kvoptions\kvoptions.sty
Package: kvoptions 2020-10-07 v3.14 Key value format for package options (HO)
)
\@linkdim=\dimen156
\Hy@linkcounter=\count277
\Hy@pagecounter=\count278
 (C:\Users\piotr\AppData\Local\Programs\MiKTeX\tex/latex/hyperref\pd1enc.def
File: pd1enc.def 2021-06-05 v7.00l Hyperref: PDFDocEncoding definition (HO)
Now handling font encoding PD1 ...
... no UTF-8 mapping file for font encoding PD1
) (C:\Users\piotr\AppData\Local\Programs\MiKTeX\tex/latex/hyperref\hyperref-langpatches.def
File: hyperref-langpatches.def 2021-06-05 v7.00l Hyperref: patches for babel languages
) (C:\Users\piotr\AppData\Local\Programs\MiKTeX\tex/generic/intcalc\intcalc.sty
Package: intcalc 2019/12/15 v1.3 Expandable calculations with integers (HO)
) (C:\Users\piotr\AppData\Local\Programs\MiKTeX\tex/generic/etexcmds\etexcmds.sty
Package: etexcmds 2019/12/15 v1.7 Avoid name clashes with e-TeX commands (HO)
)
\Hy@SavedSpaceFactor=\count279
 (C:\Users\piotr\AppData\Local\Programs\MiKTeX\tex/latex/hyperref\puenc.def
File: puenc.def 2021-06-05 v7.00l Hyperref: PDF Unicode definition (HO)
Now handling font encoding PU ...
... no UTF-8 mapping file for font encoding PU
)
Package hyperref Info: Hyper figures OFF on input line 4192.
Package hyperref Info: Link nesting OFF on input line 4197.
Package hyperref Info: Hyper index ON on input line 4200.
Package hyperref Info: Plain pages OFF on input line 4207.
Package hyperref Info: Backreferencing OFF on input line 4212.
Package hyperref Info: Implicit mode ON; LaTeX internals redefined.
Package hyperref Info: Bookmarks ON on input line 4445.
\c@Hy@tempcnt=\count280
LaTeX Info: Redefining \url on input line 4804.
\XeTeXLinkMargin=\dimen157
 (C:\Users\piotr\AppData\Local\Programs\MiKTeX\tex/generic/bitset\bitset.sty
Package: bitset 2019/12/09 v1.3 Handle bit-vector datatype (HO)
 (C:\Users\piotr\AppData\Local\Programs\MiKTeX\tex/generic/bigintcalc\bigintcalc.sty
Package: bigintcalc 2019/12/15 v1.5 Expandable calculations on big integers (HO)
))
\Fld@menulength=\count281
\Field@Width=\dimen158
\Fld@charsize=\dimen159
Package hyperref Info: Hyper figures OFF on input line 6076.
Package hyperref Info: Link nesting OFF on input line 6081.
Package hyperref Info: Hyper index ON on input line 6084.
Package hyperref Info: backreferencing OFF on input line 6091.
Package hyperref Info: Link coloring OFF on input line 6096.
Package hyperref Info: Link coloring with OCG OFF on input line 6101.
Package hyperref Info: PDF/A mode OFF on input line 6106.
LaTeX Info: Redefining \ref on input line 6146.
LaTeX Info: Redefining \pageref on input line 6150.
 (C:\Users\piotr\AppData\Local\Programs\MiKTeX\tex/latex/base\atbegshi-ltx.sty
Package: atbegshi-ltx 2021/01/10 v1.0c Emulation of the original atbegshi
package with kernel methods
)
\Hy@abspage=\count282
\c@Item=\count283
\c@Hfootnote=\count284
)
Package hyperref Info: Driver (autodetected): hpdftex.
 (C:\Users\piotr\AppData\Local\Programs\MiKTeX\tex/latex/hyperref\hpdftex.def
File: hpdftex.def 2021-06-05 v7.00l Hyperref driver for pdfTeX
 (C:\Users\piotr\AppData\Local\Programs\MiKTeX\tex/latex/base\atveryend-ltx.sty
Package: atveryend-ltx 2020/08/19 v1.0a Emulation of the original atvery package
with kernel methods
)
\Fld@listcount=\count285
\c@bookmark@seq@number=\count286
 (C:\Users\piotr\AppData\Local\Programs\MiKTeX\tex/latex/rerunfilecheck\rerunfilecheck.sty
Package: rerunfilecheck 2019/12/05 v1.9 Rerun checks for auxiliary files (HO)
 (C:\Users\piotr\AppData\Local\Programs\MiKTeX\tex/generic/uniquecounter\uniquecounter.sty
Package: uniquecounter 2019/12/15 v1.4 Provide unlimited unique counter (HO)
)
Package uniquecounter Info: New unique counter `rerunfilecheck' on input line 286.
)
\Hy@SectionHShift=\skip49
) (C:\Users\piotr\AppData\Local\Programs\MiKTeX\tex/latex/import\import.sty
Package: import 2020/04/01  v 6.2
) (C:\Users\piotr\AppData\Local\Programs\MiKTeX\tex/latex/multirow\multirow.sty
Package: multirow 2021/03/15 v2.8 Span multiple rows of a table
\multirow@colwidth=\skip50
\multirow@cntb=\count287
\multirow@dima=\skip51
\bigstrutjot=\dimen160
) (C:\Users\piotr\AppData\Local\Programs\MiKTeX\tex/latex/titling\titling.sty
Package: titling 2009/09/04 v2.1d maketitle typesetting
\thanksmarkwidth=\skip52
\thanksmargin=\skip53
\droptitle=\skip54
) (C:\Users\piotr\AppData\Local\Programs\MiKTeX\tex/latex/anyfontsize\anyfontsize.sty
Package: anyfontsize 2007/11/22 anyfontsize.sty by pts
) (C:\Users\piotr\AppData\Local\Programs\MiKTeX\tex/latex/hyphenat\hyphenat.sty
Package: hyphenat 2009/09/02 v2.3c hyphenation utilities


Package hyphenat Warning: *******************************
(hyphenat)                * You have used the htt option.
(hyphenat)                * You are likely to get many Font Warning messages.
(hyphenat)                * These can usually be ignored.
(hyphenat)                *******************************.

\langwohyphens=\language80
LaTeX Info: Redefining \_ on input line 43.
) (C:\Users\piotr\AppData\Local\Programs\MiKTeX\tex/latex/xcolor\xcolor.sty
Package: xcolor 2016/05/11 v2.12 LaTeX color extensions (UK)
 (C:\Users\piotr\AppData\Local\Programs\MiKTeX\tex/latex/graphics-cfg\color.cfg
File: color.cfg 2016/01/02 v1.6 sample color configuration
)
Package xcolor Info: Driver file: pdftex.def on input line 225.
 (C:\Users\piotr\AppData\Local\Programs\MiKTeX\tex/latex/graphics-def\pdftex.def
File: pdftex.def 2020/10/05 v1.2a Graphics/color driver for pdftex
)
Package xcolor Info: Model `cmy' substituted by `cmy0' on input line 1348.
Package xcolor Info: Model `hsb' substituted by `rgb' on input line 1352.
Package xcolor Info: Model `RGB' extended on input line 1364.
Package xcolor Info: Model `HTML' substituted by `rgb' on input line 1366.
Package xcolor Info: Model `Hsb' substituted by `hsb' on input line 1367.
Package xcolor Info: Model `tHsb' substituted by `hsb' on input line 1368.
Package xcolor Info: Model `HSB' substituted by `hsb' on input line 1369.
Package xcolor Info: Model `Gray' substituted by `gray' on input line 1370.
Package xcolor Info: Model `wave' substituted by `hsb' on input line 1371.
) (C:\Users\piotr\AppData\Local\Programs\MiKTeX\tex/latex/graphics\graphicx.sty
Package: graphicx 2020/12/05 v1.2c Enhanced LaTeX Graphics (DPC,SPQR)
 (C:\Users\piotr\AppData\Local\Programs\MiKTeX\tex/latex/graphics\graphics.sty
Package: graphics 2021/03/04 v1.4d Standard LaTeX Graphics (DPC,SPQR)
 (C:\Users\piotr\AppData\Local\Programs\MiKTeX\tex/latex/graphics\trig.sty
Package: trig 2016/01/03 v1.10 sin cos tan (DPC)
) (C:\Users\piotr\AppData\Local\Programs\MiKTeX\tex/latex/graphics-cfg\graphics.cfg
File: graphics.cfg 2016/06/04 v1.11 sample graphics configuration
)
Package graphics Info: Driver file: pdftex.def on input line 107.
)
\Gin@req@height=\dimen161
\Gin@req@width=\dimen162
) (C:\Users\piotr\AppData\Local\Programs\MiKTeX\tex/latex/biblatex\biblatex.sty
Package: biblatex 2020/12/31 v3.16 programmable bibliographies (PK/MW)
 (C:\Users\piotr\AppData\Local\Programs\MiKTeX\tex/latex/logreq\logreq.sty
Package: logreq 2010/08/04 v1.0 xml request logger
\lrq@indent=\count288
 (C:\Users\piotr\AppData\Local\Programs\MiKTeX\tex/latex/logreq\logreq.def
File: logreq.def 2010/08/04 v1.0 logreq spec v1.0
)) (C:\Users\piotr\AppData\Local\Programs\MiKTeX\tex/latex/base\ifthen.sty
Package: ifthen 2020/11/24 v1.1c Standard LaTeX ifthen package (DPC)
)
\c@tabx@nest=\count289
\c@listtotal=\count290
\c@listcount=\count291
\c@liststart=\count292
\c@liststop=\count293
\c@citecount=\count294
\c@citetotal=\count295
\c@multicitecount=\count296
\c@multicitetotal=\count297
\c@instcount=\count298
\c@maxnames=\count299
\c@minnames=\count300
\c@maxitems=\count301
\c@minitems=\count302
\c@citecounter=\count303
\c@maxcitecounter=\count304
\c@savedcitecounter=\count305
\c@uniquelist=\count306
\c@uniquename=\count307
\c@refsection=\count308
\c@refsegment=\count309
\c@maxextratitle=\count310
\c@maxextratitleyear=\count311
\c@maxextraname=\count312
\c@maxextradate=\count313
\c@maxextraalpha=\count314
\c@abbrvpenalty=\count315
\c@highnamepenalty=\count316
\c@lownamepenalty=\count317
\c@maxparens=\count318
\c@parenlevel=\count319
\blx@tempcnta=\count320
\blx@tempcntb=\count321
\blx@tempcntc=\count322
\blx@maxsection=\count323
\blx@maxsegment@0=\count324
\blx@notetype=\count325
\blx@parenlevel@text=\count326
\blx@parenlevel@foot=\count327
\blx@sectionciteorder@0=\count328
\blx@entrysetcounter=\count329
\blx@biblioinstance=\count330
\labelnumberwidth=\skip55
\labelalphawidth=\skip56
\biblabelsep=\skip57
\bibitemsep=\skip58
\bibnamesep=\skip59
\bibinitsep=\skip60
\bibparsep=\skip61
\bibhang=\skip62
\blx@bcfin=\read3
\blx@bcfout=\write3
\blx@langwohyphens=\language81
\c@mincomprange=\count331
\c@maxcomprange=\count332
\c@mincompwidth=\count333
Package biblatex Info: Trying to load biblatex default data model...
Package biblatex Info: ... file 'blx-dm.def' found.
 (C:\Users\piotr\AppData\Local\Programs\MiKTeX\tex/latex/biblatex\blx-dm.def
File: blx-dm.def 2020/12/31 v3.16 biblatex localization (PK/MW)
)
Package biblatex Info: Trying to load biblatex style data model...
Package biblatex Info: ... file 'numeric.dbx' not found.
Package biblatex Info: Trying to load biblatex custom data model...
Package biblatex Info: ... file 'biblatex-dm.cfg' not found.
\c@afterword=\count334
\c@savedafterword=\count335
\c@annotator=\count336
\c@savedannotator=\count337
\c@author=\count338
\c@savedauthor=\count339
\c@bookauthor=\count340
\c@savedbookauthor=\count341
\c@commentator=\count342
\c@savedcommentator=\count343
\c@editor=\count344
\c@savededitor=\count345
\c@editora=\count346
\c@savededitora=\count347
\c@editorb=\count348
\c@savededitorb=\count349
\c@editorc=\count350
\c@savededitorc=\count351
\c@foreword=\count352
\c@savedforeword=\count353
\c@holder=\count354
\c@savedholder=\count355
\c@introduction=\count356
\c@savedintroduction=\count357
\c@namea=\count358
\c@savednamea=\count359
\c@nameb=\count360
\c@savednameb=\count361
\c@namec=\count362
\c@savednamec=\count363
\c@translator=\count364
\c@savedtranslator=\count365
\c@shortauthor=\count366
\c@savedshortauthor=\count367
\c@shorteditor=\count368
\c@savedshorteditor=\count369
\c@labelname=\count370
\c@savedlabelname=\count371
\c@institution=\count372
\c@savedinstitution=\count373
\c@lista=\count374
\c@savedlista=\count375
\c@listb=\count376
\c@savedlistb=\count377
\c@listc=\count378
\c@savedlistc=\count379
\c@listd=\count380
\c@savedlistd=\count381
\c@liste=\count382
\c@savedliste=\count383
\c@listf=\count384
\c@savedlistf=\count385
\c@location=\count386
\c@savedlocation=\count387
\c@organization=\count388
\c@savedorganization=\count389
\c@origlocation=\count390
\c@savedoriglocation=\count391
\c@origpublisher=\count392
\c@savedorigpublisher=\count393
\c@publisher=\count394
\c@savedpublisher=\count395
\c@language=\count396
\c@savedlanguage=\count397
\c@origlanguage=\count398
\c@savedoriglanguage=\count399
\c@pageref=\count400
\c@savedpageref=\count401
\shorthandwidth=\skip63
\shortjournalwidth=\skip64
\shortserieswidth=\skip65
\shorttitlewidth=\skip66
\shortauthorwidth=\skip67
\shorteditorwidth=\skip68
\locallabelnumberwidth=\skip69
\locallabelalphawidth=\skip70
\localshorthandwidth=\skip71
\localshortjournalwidth=\skip72
\localshortserieswidth=\skip73
\localshorttitlewidth=\skip74
\localshortauthorwidth=\skip75
\localshorteditorwidth=\skip76
Package biblatex Info: Trying to load compatibility code...
Package biblatex Info: ... file 'blx-compat.def' found.
 (C:\Users\piotr\AppData\Local\Programs\MiKTeX\tex/latex/biblatex\blx-compat.def
File: blx-compat.def 2020/12/31 v3.16 biblatex compatibility (PK/MW)
)
Package biblatex Info: Trying to load generic definitions...
Package biblatex Info: ... file 'biblatex.def' found.
 (C:\Users\piotr\AppData\Local\Programs\MiKTeX\tex/latex/biblatex\biblatex.def
File: biblatex.def 2020/12/31 v3.16 biblatex compatibility (PK/MW)
\c@textcitecount=\count402
\c@textcitetotal=\count403
\c@textcitemaxnames=\count404
\c@biburlbigbreakpenalty=\count405
\c@biburlbreakpenalty=\count406
\c@biburlnumpenalty=\count407
\c@biburlucpenalty=\count408
\c@biburllcpenalty=\count409
\biburlbigskip=\muskip17
\biburlnumskip=\muskip18
\biburlucskip=\muskip19
\biburllcskip=\muskip20
\c@smartand=\count410
)
Package biblatex Info: Trying to load bibliography style 'numeric'...
Package biblatex Info: ... file 'numeric.bbx' found.
 (C:\Users\piotr\AppData\Local\Programs\MiKTeX\tex/latex/biblatex/bbx\numeric.bbx
File: numeric.bbx 2020/12/31 v3.16 biblatex bibliography style (PK/MW)
Package biblatex Info: Trying to load bibliography style 'standard'...
Package biblatex Info: ... file 'standard.bbx' found.
 (C:\Users\piotr\AppData\Local\Programs\MiKTeX\tex/latex/biblatex/bbx\standard.bbx
File: standard.bbx 2020/12/31 v3.16 biblatex bibliography style (PK/MW)
\c@bbx:relatedcount=\count411
\c@bbx:relatedtotal=\count412
))
Package biblatex Info: Trying to load citation style 'numeric'...
Package biblatex Info: ... file 'numeric.cbx' found.
 (C:\Users\piotr\AppData\Local\Programs\MiKTeX\tex/latex/biblatex/cbx\numeric.cbx
File: numeric.cbx 2020/12/31 v3.16 biblatex citation style (PK/MW)
Package biblatex Info: Redefining '\cite'.
Package biblatex Info: Redefining '\parencite'.
Package biblatex Info: Redefining '\footcite'.
Package biblatex Info: Redefining '\footcitetext'.
Package biblatex Info: Redefining '\smartcite'.
Package biblatex Info: Redefining '\supercite'.
Package biblatex Info: Redefining '\textcite'.
Package biblatex Info: Redefining '\textcites'.
Package biblatex Info: Redefining '\cites'.
Package biblatex Info: Redefining '\parencites'.
Package biblatex Info: Redefining '\smartcites'.
)
Package biblatex Info: Trying to load configuration file...
Package biblatex Info: ... file 'biblatex.cfg' found.
 (C:\Users\piotr\AppData\Local\Programs\MiKTeX\tex/latex/biblatex\biblatex.cfg
File: biblatex.cfg 
))
\c@zadanie=\count413
Package csquotes Info: Checking for multilingual support...
Package csquotes Info: ... found 'babel' package.
Package csquotes Info: Adjusting default style.
Package csquotes Info: Redefining alias 'default' -> 'polish'.
 (C:\Users\piotr\AppData\Local\Programs\MiKTeX\tex/latex/l3backend\l3backend-pdftex.def
File: l3backend-pdftex.def 2021-05-07 L3 backend support: PDF output (pdfTeX)
\l__color_backend_stack_int=\count414
\l__pdf_internal_box=\box52
) (c:/Users\piotr\Documents\Semestr 3\.aux\EiWD_zadanie_02.aux)
\openout1 = `EiWD_zadanie_02.aux'.

LaTeX Font Info:    Checking defaults for OML/cmm/m/it on input line 80.
LaTeX Font Info:    ... okay on input line 80.
LaTeX Font Info:    Checking defaults for OMS/cmsy/m/n on input line 80.
LaTeX Font Info:    ... okay on input line 80.
LaTeX Font Info:    Checking defaults for OT1/cmr/m/n on input line 80.
LaTeX Font Info:    ... okay on input line 80.
LaTeX Font Info:    Checking defaults for T1/cmr/m/n on input line 80.
LaTeX Font Info:    ... okay on input line 80.
LaTeX Font Info:    Checking defaults for TS1/cmr/m/n on input line 80.
LaTeX Font Info:    ... okay on input line 80.
LaTeX Font Info:    Checking defaults for OMX/cmex/m/n on input line 80.
LaTeX Font Info:    ... okay on input line 80.
LaTeX Font Info:    Checking defaults for U/cmr/m/n on input line 80.
LaTeX Font Info:    ... okay on input line 80.
LaTeX Font Info:    Checking defaults for OT4/cmr/m/n on input line 80.
LaTeX Font Info:    ... okay on input line 80.
LaTeX Font Info:    Checking defaults for PD1/pdf/m/n on input line 80.
LaTeX Font Info:    ... okay on input line 80.
LaTeX Font Info:    Checking defaults for PU/pdf/m/n on input line 80.
LaTeX Font Info:    ... okay on input line 80.

*geometry* driver: auto-detecting
*geometry* detected driver: pdftex
*geometry* verbose mode - [ preamble ] result:
* driver: pdftex
* paper: <default>
* layout: <same size as paper>
* layoutoffset:(h,v)=(0.0pt,0.0pt)
* modes: 
* h-part:(L,W,R)=(92.14519pt, 430.00462pt, 92.14519pt)
* v-part:(T,H,B)=(95.39737pt, 556.47656pt, 143.09605pt)
* \paperwidth=614.295pt
* \paperheight=794.96999pt
* \textwidth=430.00462pt
* \textheight=556.47656pt
* \oddsidemargin=19.8752pt
* \evensidemargin=19.8752pt
* \topmargin=-13.87262pt
* \headheight=12.0pt
* \headsep=25.0pt
* \topskip=11.0pt
* \footskip=30.0pt
* \marginparwidth=59.0pt
* \marginparsep=10.0pt
* \columnsep=10.0pt
* \skip\footins=10.0pt plus 4.0pt minus 2.0pt
* \hoffset=0.0pt
* \voffset=0.0pt
* \mag=1000
* \@twocolumnfalse
* \@twosidefalse
* \@mparswitchfalse
* \@reversemarginfalse
* (1in=72.27pt=25.4mm, 1cm=28.453pt)

\c@lstlisting=\count415
Package hyperref Info: Link coloring OFF on input line 80.
(C:\Users\piotr\AppData\Local\Programs\MiKTeX\tex/latex/hyperref\nameref.sty
Package: nameref 2021-04-02 v2.47 Cross-referencing by name of section
 (C:\Users\piotr\AppData\Local\Programs\MiKTeX\tex/latex/refcount\refcount.sty
Package: refcount 2019/12/15 v3.6 Data extraction from label references (HO)
) (C:\Users\piotr\AppData\Local\Programs\MiKTeX\tex/generic/gettitlestring\gettitlestring.sty
Package: gettitlestring 2019/12/15 v1.6 Cleanup title references (HO)
)
\c@section@level=\count416
)
LaTeX Info: Redefining \ref on input line 80.
LaTeX Info: Redefining \pageref on input line 80.
LaTeX Info: Redefining \nameref on input line 80.
 (c:/Users\piotr\Documents\Semestr 3\.aux\EiWD_zadanie_02.out) (c:/Users\piotr\Documents\Semestr 3\.aux\EiWD_zadanie_02.out)
\@outlinefile=\write4
\openout4 = `EiWD_zadanie_02.out'.

LaTeX Font Info:    Trying to load font information for OT4+cmtt on input line 80.
 (C:\Users\piotr\AppData\Local\Programs\MiKTeX\tex/latex/polski\ot4cmtt.fd
File: ot4cmtt.fd 2008/02/24 v1.2.1 Font defs for fonts PL (MW)
)

LaTeX Font Warning: Font shape `OT4/cmtt/m/scsl' undefined
(Font)              using `OT4/cmtt/m/sc' instead on input line 80.


LaTeX Font Warning: Font shape `OT4/cmtt/b/n' undefined
(Font)              using `OT4/cmtt/m/n' instead on input line 80.


LaTeX Font Warning: Font shape `OT4/cmtt/b/it' undefined
(Font)              using `OT4/cmtt/b/n' instead on input line 80.


LaTeX Font Warning: Font shape `OT4/cmtt/b/sl' undefined
(Font)              using `OT4/cmtt/b/it' instead on input line 80.


LaTeX Font Warning: Font shape `OT4/cmtt/b/scit' undefined
(Font)              using `OT4/cmtt/b/sc' instead on input line 80.


LaTeX Font Warning: Font shape `OT4/cmtt/b/sc' undefined
(Font)              using `OT4/cmtt/b/n' instead on input line 80.


LaTeX Font Warning: Font shape `OT4/cmtt/bx/n' in size <10.95> not available
(Font)              Font shape `OT4/cmtt/m/n' tried instead on input line 80.


LaTeX Font Warning: Font shape `OT4/cmtt/bx/it' in size <10.95> not available
(Font)              Font shape `OT4/cmtt/m/it' tried instead on input line 80.


LaTeX Font Warning: Font shape `OT4/cmtt/bx/sl' undefined
(Font)              using `OT4/cmtt/bx/it' instead on input line 80.


LaTeX Font Warning: Font shape `OT4/cmtt/bx/scit' undefined
(Font)              using `OT4/cmtt/bx/sc' instead on input line 80.


LaTeX Font Warning: Font shape `OT4/cmtt/bx/sc' undefined
(Font)              using `OT4/cmtt/bx/n' instead on input line 80.


LaTeX Font Warning: Font shape `OT4/cmtt/sbx/sc' undefined
(Font)              using `OT4/cmtt/sb/sc' instead on input line 80.


LaTeX Font Warning: Font shape `OT4/cmtt/sb/n' undefined
(Font)              using `OT4/cmtt/m/n' instead on input line 80.


LaTeX Font Warning: Font shape `OT4/cmtt/sb/it' undefined
(Font)              using `OT4/cmtt/sb/n' instead on input line 80.


LaTeX Font Warning: Font shape `OT4/cmtt/sb/sl' undefined
(Font)              using `OT4/cmtt/sb/it' instead on input line 80.


LaTeX Font Warning: Font shape `OT4/cmtt/sb/scit' undefined
(Font)              using `OT4/cmtt/sb/sc' instead on input line 80.


LaTeX Font Warning: Font shape `OT4/cmtt/sb/sc' undefined
(Font)              using `OT4/cmtt/sb/n' instead on input line 80.


LaTeX Font Warning: Font shape `OT4/cmtt/sbc/sc' undefined
(Font)              using `OT4/cmtt/c/sc' instead on input line 80.


LaTeX Font Warning: Font shape `OT4/cmtt/c/n' undefined
(Font)              using `OT4/cmtt/m/n' instead on input line 80.


LaTeX Font Warning: Font shape `OT4/cmtt/c/it' undefined
(Font)              using `OT4/cmtt/c/n' instead on input line 80.


LaTeX Font Warning: Font shape `OT4/cmtt/c/sl' undefined
(Font)              using `OT4/cmtt/c/it' instead on input line 80.


LaTeX Font Warning: Font shape `OT4/cmtt/c/scit' undefined
(Font)              using `OT4/cmtt/c/sc' instead on input line 80.


LaTeX Font Warning: Font shape `OT4/cmtt/c/sc' undefined
(Font)              using `OT4/cmtt/c/n' instead on input line 80.


LaTeX Font Warning: Font shape `OT4/cmtt/lc/sc' undefined
(Font)              using `OT4/cmtt/l/sc' instead on input line 80.


LaTeX Font Warning: Font shape `OT4/cmtt/l/n' undefined
(Font)              using `OT4/cmtt/m/n' instead on input line 80.


LaTeX Font Warning: Font shape `OT4/cmtt/l/it' undefined
(Font)              using `OT4/cmtt/l/n' instead on input line 80.


LaTeX Font Warning: Font shape `OT4/cmtt/l/sl' undefined
(Font)              using `OT4/cmtt/l/it' instead on input line 80.


LaTeX Font Warning: Font shape `OT4/cmtt/l/scit' undefined
(Font)              using `OT4/cmtt/l/sc' instead on input line 80.


LaTeX Font Warning: Font shape `OT4/cmtt/l/sc' undefined
(Font)              using `OT4/cmtt/l/n' instead on input line 80.


LaTeX Font Warning: Font shape `OT4/cmtt/m/ui' in size <10.95> not available
(Font)              Font shape `OT4/cmtt/m/it' tried instead on input line 80.


LaTeX Font Warning: Font shape `OT4/cmtt/bx/ui' in size <10.95> not available
(Font)              Font shape `OT4/cmtt/m/it' tried instead on input line 80.


LaTeX Font Warning: Font shape `OT4/cmtt/m/In' undefined
(Font)              using `OT4/cmtt/m/n' instead on input line 80.

(C:\Users\piotr\AppData\Local\Programs\MiKTeX\tex/context/base/mkii\supp-pdf.mkii
[Loading MPS to PDF converter (version 2006.09.02).]
\scratchcounter=\count417
\scratchdimen=\dimen163
\scratchbox=\box53
\nofMPsegments=\count418
\nofMParguments=\count419
\everyMPshowfont=\toks20
\MPscratchCnt=\count420
\MPscratchDim=\dimen164
\MPnumerator=\count421
\makeMPintoPDFobject=\count422
\everyMPtoPDFconversion=\toks21
) (C:\Users\piotr\AppData\Local\Programs\MiKTeX\tex/latex/epstopdf-pkg\epstopdf-base.sty
Package: epstopdf-base 2020-01-24 v2.11 Base part for package epstopdf
Package epstopdf-base Info: Redefining graphics rule for `.eps' on input line 485.
 (C:\Users\piotr\AppData\Local\Programs\MiKTeX\tex/latex/00miktex\epstopdf-sys.cfg
File: epstopdf-sys.cfg 2021/03/18 v2.0 Configuration of epstopdf for MiKTeX
))
Package biblatex Info: Trying to load language 'polish'...
Package biblatex Info: ... file 'polish.lbx' found.
 (C:\Users\piotr\AppData\Local\Programs\MiKTeX\tex/latex/biblatex/lbx\polish.lbx
File: polish.lbx 2020/12/31 v3.16 biblatex localization (PK/MW)
)
Package biblatex Info: Input encoding 'utf8' detected.
Package biblatex Info: Automatic encoding selection.
(biblatex)             Assuming data encoding 'utf8'.
Package biblatex Info: Document encoding is UTF8 ....
 (C:\Users\piotr\AppData\Local\Programs\MiKTeX\tex/latex/l3kernel\expl3.sty
Package: expl3 2021-06-01 L3 programming layer (loader) 
)
Package biblatex Info: ... and expl3
(biblatex)             2021-06-01 L3 programming layer (loader) 
(biblatex)             is new enough (at least 2020/04/06),
(biblatex)             setting 'casechanger=expl3'.
 (C:\Users\piotr\AppData\Local\Programs\MiKTeX\tex/latex/biblatex\blx-case-expl3.sty (C:\Users\piotr\AppData\Local\Programs\MiKTeX\tex/latex/l3packages/xparse\xparse.sty
Package: xparse 2021-06-01 L3 Experimental document command parser
)
Package: blx-case-expl3 2020/12/31 v3.16 expl3 case changing code for biblatex
)
\openout3 = `EiWD_zadanie_02.bcf'.

Package biblatex Info: Trying to load bibliographic data...
Package biblatex Info: ... file 'EiWD_zadanie_02.bbl' found.
 (EiWD_zadanie_02.bbl)
Package biblatex Info: Reference section=0 on input line 80.
Package biblatex Info: Reference segment=0 on input line 80.
 (EiWD_title_page.tex
LaTeX Font Info:    Trying to load font information for OT4+cmss on input line 8.
 (C:\Users\piotr\AppData\Local\Programs\MiKTeX\tex/latex/polski\ot4cmss.fd
File: ot4cmss.fd 2008/02/24 v1.2.1 Font defs for fonts PL (MW)
)
LaTeX Font Info:    Trying to load font information for OML+plm on input line 23.
 (C:\Users\piotr\AppData\Local\Programs\MiKTeX\tex/latex/polski\omlplm.fd
File: omlplm.fd 2008/02/24 v1.2.1 Font defs for fonts PL (MW)
)
LaTeX Font Info:    Trying to load font information for OMS+plsy on input line 23.
 (C:\Users\piotr\AppData\Local\Programs\MiKTeX\tex/latex/polski\omsplsy.fd
File: omsplsy.fd 2008/02/24 v1.2.1 Font defs for fonts PL (MW)
)
LaTeX Font Info:    Trying to load font information for OMX+plex on input line 23.
 (C:\Users\piotr\AppData\Local\Programs\MiKTeX\tex/latex/polski\omxplex.fd
File: omxplex.fd 2008/02/24 v1.2.1 Font defs for fonts PL (MW)
)
LaTeX Font Info:    External font `plex10' loaded for size
(Font)              <10.95> on input line 23.
LaTeX Font Info:    External font `plex10' loaded for size
(Font)              <8> on input line 23.
LaTeX Font Info:    External font `plex10' loaded for size
(Font)              <6> on input line 23.

Overfull \hbox (40.99998pt too wide) in paragraph at lines 23--36
[][] 
 []


Underfull \hbox (badness 10000) in paragraph at lines 39--40

 []

[1

{C:/Users/piotr/AppData/Local/MiKTeX/pdftex/config/pdftex.map}]) (C:\Users\piotr\AppData\Local\Programs\MiKTeX\tex/latex/listings\lstlang1.sty
File: lstlang1.sty 2020/03/24 1.8d listings language file
)
<./EiWD_zadanie_02_wykresy//output_3_0.png, id=17, 1166.3575pt x 577.15625pt>
File: ./EiWD_zadanie_02_wykresy//output_3_0.png Graphic file (type png)
<use ./EiWD_zadanie_02_wykresy//output_3_0.png>
Package pdftex.def Info: ./EiWD_zadanie_02_wykresy//output_3_0.png  used on input line 131.
(pdftex.def)             Requested size: 344.005pt x 170.22438pt.


LaTeX Warning: `h' float specifier changed to `ht'.

pdfTeX warning (ext4): destination with the same identifier (name{page.1}) has been already used, duplicate ignored
<to be read again> 
                   \relax 
l.141 ax1 
          = fig.add_subplot(2,2,2) [1

]
<./EiWD_zadanie_02_wykresy//output_4_0.png, id=51, 1166.3575pt x 577.15625pt>
File: ./EiWD_zadanie_02_wykresy//output_4_0.png Graphic file (type png)
<use ./EiWD_zadanie_02_wykresy//output_4_0.png>
Package pdftex.def Info: ./EiWD_zadanie_02_wykresy//output_4_0.png  used on input line 166.
(pdftex.def)             Requested size: 344.005pt x 170.22438pt.


LaTeX Warning: `h' float specifier changed to `ht'.

[2 <./EiWD_zadanie_02_wykresy//output_3_0.png>]
<./EiWD_zadanie_02_wykresy//output_5_0.png, id=72, 1165.35374pt x 577.15625pt>
File: ./EiWD_zadanie_02_wykresy//output_5_0.png Graphic file (type png)
<use ./EiWD_zadanie_02_wykresy//output_5_0.png>
Package pdftex.def Info: ./EiWD_zadanie_02_wykresy//output_5_0.png  used on input line 190.
(pdftex.def)             Requested size: 344.005pt x 170.3653pt.


LaTeX Warning: `h' float specifier changed to `ht'.

<./EiWD_zadanie_02_wykresy//output_6_0.png, id=76, 1166.3575pt x 577.15625pt>
File: ./EiWD_zadanie_02_wykresy//output_6_0.png Graphic file (type png)
<use ./EiWD_zadanie_02_wykresy//output_6_0.png>
Package pdftex.def Info: ./EiWD_zadanie_02_wykresy//output_6_0.png  used on input line 205.
(pdftex.def)             Requested size: 344.005pt x 170.22438pt.

LaTeX Warning: `h' float specifier changed to `ht'.

[3 <./EiWD_zadanie_02_wykresy//output_4_0.png>]
<./EiWD_zadanie_02_wykresy//wykres5.png, id=92, 1156.32pt x 576.7146pt>
File: ./EiWD_zadanie_02_wykresy//wykres5.png Graphic file (type png)
<use ./EiWD_zadanie_02_wykresy//wykres5.png>
Package pdftex.def Info: ./EiWD_zadanie_02_wykresy//wykres5.png  used on input line 236.
(pdftex.def)             Requested size: 344.005pt x 171.57251pt.


LaTeX Warning: `h' float specifier changed to `ht'.

[4 <./EiWD_zadanie_02_wykresy//output_5_0.png>]
<./EiWD_zadanie_02_wykresy//output_8_0.png, id=109, 1176.395pt x 619.31375pt>
File: ./EiWD_zadanie_02_wykresy//output_8_0.png Graphic file (type png)
<use ./EiWD_zadanie_02_wykresy//output_8_0.png>
Package pdftex.def Info: ./EiWD_zadanie_02_wykresy//output_8_0.png  used on input line 275.
(pdftex.def)             Requested size: 344.005pt x 181.09892pt.


LaTeX Warning: `h' float specifier changed to `ht'.

[5 <./EiWD_zadanie_02_wykresy//output_6_0.png>]
<./EiWD_zadanie_02_wykresy//output_9_0.png, id=135, 1162.3425pt x 579.16376pt>
File: ./EiWD_zadanie_02_wykresy//output_9_0.png Graphic file (type png)
<use ./EiWD_zadanie_02_wykresy//output_9_0.png>
Package pdftex.def Info: ./EiWD_zadanie_02_wykresy//output_9_0.png  used on input line 308.
(pdftex.def)             Requested size: 344.005pt x 171.40857pt.


LaTeX Warning: `h' float specifier changed to `ht'.

[6 <./EiWD_zadanie_02_wykresy//wykres5.png>]
<./EiWD_zadanie_02_wykresy//output_11_0.png, id=154, 1186.4325pt x 577.15625pt>
File: ./EiWD_zadanie_02_wykresy//output_11_0.png Graphic file (type png)
<use ./EiWD_zadanie_02_wykresy//output_11_0.png>
Package pdftex.def Info: ./EiWD_zadanie_02_wykresy//output_11_0.png  used on input line 345.
(pdftex.def)             Requested size: 344.005pt x 167.3446pt.


LaTeX Warning: `h' float specifier changed to `ht'.

[7 <./EiWD_zadanie_02_wykresy//output_8_0.png>] [8 <./EiWD_zadanie_02_wykresy//output_9_0.png>]
<./EiWD_zadanie_02_wykresy//wykres9.png, id=182, 1165.89578pt x 648.9846pt>
File: ./EiWD_zadanie_02_wykresy//wykres9.png Graphic file (type png)
<use ./EiWD_zadanie_02_wykresy//wykres9.png>
Package pdftex.def Info: ./EiWD_zadanie_02_wykresy//wykres9.png  used on input line 369.
(pdftex.def)             Requested size: 344.005pt x 191.4884pt.


LaTeX Warning: `h' float specifier changed to `ht'.


Overfull \hbox (0.75656pt too wide) in paragraph at lines 372--373
\OT4/cmr/bx/n/14.4 Zadanie 10. Wy-ge-ne-ro-wa¢ wy-kresy sªup-kowe uªo-»one po-ziomo
 []

[9 <./EiWD_zadanie_02_wykresy//output_11_0.png>]
<./EiWD_zadanie_02_wykresy//wykres10.png, id=196, 1160.83687pt x 576.7146pt>
File: ./EiWD_zadanie_02_wykresy//wykres10.png Graphic file (type png)
<use ./EiWD_zadanie_02_wykresy//wykres10.png>
Package pdftex.def Info: ./EiWD_zadanie_02_wykresy//wykres10.png  used on input line 395.
(pdftex.def)             Requested size: 344.005pt x 170.90372pt.


LaTeX Warning: `h' float specifier changed to `ht'.

[10 <./EiWD_zadanie_02_wykresy//wykres9.png>]
<./EiWD_zadanie_02_wykresy//wykres11.png, id=212, 1157.58473pt x 573.46245pt>
File: ./EiWD_zadanie_02_wykresy//wykres11.png Graphic file (type png)
<use ./EiWD_zadanie_02_wykresy//wykres11.png>
Package pdftex.def Info: ./EiWD_zadanie_02_wykresy//wykres11.png  used on input line 420.
(pdftex.def)             Requested size: 344.005pt x 170.42125pt.


LaTeX Warning: `h' float specifier changed to `ht'.

<./EiWD_zadanie_02_wykresy//wykres12.png, id=214, 1157.58473pt x 573.46245pt>
File: ./EiWD_zadanie_02_wykresy//wykres12.png Graphic file (type png)
<use ./EiWD_zadanie_02_wykresy//wykres12.png>
Package pdftex.def Info: ./EiWD_zadanie_02_wykresy//wykres12.png  used on input line 437.
(pdftex.def)             Requested size: 344.005pt x 170.42125pt.

LaTeX Warning: `h' float specifier changed to `ht'.

[11 <./EiWD_zadanie_02_wykresy//wykres10.png>]
<./EiWD_zadanie_02_wykresy//wykres14.png, id=234, 1171.4967pt x 590.62657pt>
File: ./EiWD_zadanie_02_wykresy//wykres14.png Graphic file (type png)
<use ./EiWD_zadanie_02_wykresy//wykres14.png>
Package pdftex.def Info: ./EiWD_zadanie_02_wykresy//wykres14.png  used on input line 459.
(pdftex.def)             Requested size: 344.005pt x 173.43123pt.


LaTeX Warning: `h' float specifier changed to `ht'.

<./EiWD_zadanie_02_wykresy//wykres15.png, id=237, 1187.21542pt x 576.7146pt>
File: ./EiWD_zadanie_02_wykresy//wykres15.png Graphic file (type png)
<use ./EiWD_zadanie_02_wykresy//wykres15.png>
Package pdftex.def Info: ./EiWD_zadanie_02_wykresy//wykres15.png  used on input line 476.
(pdftex.def)             Requested size: 344.005pt x 167.11095pt.

LaTeX Warning: `h' float specifier changed to `ht'.

[12 <./EiWD_zadanie_02_wykresy//wykres11.png>]
<./EiWD_zadanie_02_wykresy//wykres16.png, id=260, 1230.39674pt x 579.6054pt>
File: ./EiWD_zadanie_02_wykresy//wykres16.png Graphic file (type png)
<use ./EiWD_zadanie_02_wykresy//wykres16.png>
Package pdftex.def Info: ./EiWD_zadanie_02_wykresy//wykres16.png  used on input line 500.
(pdftex.def)             Requested size: 344.005pt x 162.0496pt.


LaTeX Warning: `h' float specifier changed to `ht'.

<./EiWD_zadanie_02_wykresy//wykres17.png, id=264, 1177.63965pt x 593.3367pt>
File: ./EiWD_zadanie_02_wykresy//wykres17.png Graphic file (type png)
<use ./EiWD_zadanie_02_wykresy//wykres17.png>
Package pdftex.def Info: ./EiWD_zadanie_02_wykresy//wykres17.png  used on input line 515.
(pdftex.def)             Requested size: 344.005pt x 173.32169pt.

LaTeX Warning: `h' float specifier changed to `ht'.

[13 <./EiWD_zadanie_02_wykresy//wykres12.png>]
<./EiWD_zadanie_02_wykresy//wykres18.png, id=285, 1179.80775pt x 606.52597pt>
File: ./EiWD_zadanie_02_wykresy//wykres18.png Graphic file (type png)
<use ./EiWD_zadanie_02_wykresy//wykres18.png>
Package pdftex.def Info: ./EiWD_zadanie_02_wykresy//wykres18.png  used on input line 545.
(pdftex.def)             Requested size: 344.005pt x 176.85052pt.


LaTeX Warning: `h' float specifier changed to `ht'.

[14 <./EiWD_zadanie_02_wykresy//wykres14.png>]
<./EiWD_zadanie_02_wykresy//wykres19.png, id=305, 535.15935pt x 534.97867pt>
File: ./EiWD_zadanie_02_wykresy//wykres19.png Graphic file (type png)
<use ./EiWD_zadanie_02_wykresy//wykres19.png>
Package pdftex.def Info: ./EiWD_zadanie_02_wykresy//wykres19.png  used on input line 562.
(pdftex.def)             Requested size: 344.005pt x 343.88719pt.


LaTeX Warning: `h' float specifier changed to `ht'.

[15 <./EiWD_zadanie_02_wykresy//wykres15.png>] [16 <./EiWD_zadanie_02_wykresy//wykres16.png>]
<./EiWD_zadanie_02_wykresy//wykres20.png, id=335, 793.88596pt x 367.1316pt>
File: ./EiWD_zadanie_02_wykresy//wykres20.png Graphic file (type png)
<use ./EiWD_zadanie_02_wykresy//wykres20.png>
Package pdftex.def Info: ./EiWD_zadanie_02_wykresy//wykres20.png  used on input line 600.
(pdftex.def)             Requested size: 344.005pt x 159.08473pt.


LaTeX Warning: `h' float specifier changed to `ht'.

<./EiWD_zadanie_02_wykresy//wykres21.png, id=339, 793.88596pt x 1089.8316pt>
File: ./EiWD_zadanie_02_wykresy//wykres21.png Graphic file (type png)
<use ./EiWD_zadanie_02_wykresy//wykres21.png>
Package pdftex.def Info: ./EiWD_zadanie_02_wykresy//wykres21.png  used on input line 619.
(pdftex.def)             Requested size: 344.005pt x 472.24368pt.

LaTeX Warning: `h' float specifier changed to `ht'.

[17 <./EiWD_zadanie_02_wykresy//wykres17.png>]
<./EiWD_zadanie_02_wykresy//wykres22.png, id=358, 368.03497pt x 367.49295pt>
File: ./EiWD_zadanie_02_wykresy//wykres22.png Graphic file (type png)
<use ./EiWD_zadanie_02_wykresy//wykres22.png>
Package pdftex.def Info: ./EiWD_zadanie_02_wykresy//wykres22.png  used on input line 647.
(pdftex.def)             Requested size: 344.005pt x 343.49762pt.


LaTeX Warning: `h' float specifier changed to `ht'.

[18 <./EiWD_zadanie_02_wykresy//wykres18.png>] [19 <./EiWD_zadanie_02_wykresy//wykres19.png>] [20 <./EiWD_zadanie_02_wykresy//wykres20.png>] [21 <./EiWD_zadanie_02_wykresy//wykres21.png>] [22 <./EiWD_zadanie_02_wykresy//wykres22.png>] [23

]
Overfull \hbox (10.09091pt too wide) in paragraph at lines 702--703
[]\OT4/cmr/m/n/10.95 wykresy pu-deª-kowe: \OT4/cmtt/l/it/10.95 se-aborn.catplot(kind='box', x='kolumnaA', y='kolumnaB',
 []


Overfull \hbox (12.49457pt too wide) in paragraph at lines 719--720
[]\OT4/cmr/m/n/10.95 poªo»enie le-gendy (ety-kiet): \OT4/cmtt/l/it/10.95 plt.legend(loc='best'), plt.legend(loc='upper
 []


Overfull \hbox (24.48346pt too wide) in paragraph at lines 720--721
[]\OT4/cmr/m/n/10.95 poªo»enie ety-kiet na osiach: \OT4/cmtt/l/it/10.95 plt.set[]-xticks([0, 100, 200])\OT4/cmr/m/n/10.95 , \OT4/cmtt/l/it/10.95 plt.set[]-yticks([0,
 []

[24]

Package biblatex Warning: Split bibliography detected.
(biblatex)                Many simple split bibliography setups with
(biblatex)                non-overlapping bibliographies benefit from
(biblatex)                setting 'defernumbers=true'.
(biblatex)                See the documentation for details.
(biblatex)                This warning can be suppressed with
(biblatex)                '\BiblatexSplitbibDefernumbersWarningOff'.


Overfull \hbox (14.7944pt too wide) in paragraph at lines 770--770
[]\OT4/cmr/m/it/10.95 Development As-si-stance for He-alth Da-ta-base 1990-2020\OT4/cmr/m/n/10.95 . \OT4/cmr/m/sc/10.95 url\OT4/cmr/m/n/10.95 : []$\OT4/cmtt/l/it/10.95 http : / / ghdx . healthdata .
 []

[25] (c:/Users\piotr\Documents\Semestr 3\.aux\EiWD_zadanie_02.aux)

LaTeX Font Warning: Some font shapes were not available, defaults substituted.

Package rerunfilecheck Info: File `EiWD_zadanie_02.out' has not changed.
(rerunfilecheck)             Checksum: D41D8CD98F00B204E9800998ECF8427E;0.
Package logreq Info: Writing requests to 'EiWD_zadanie_02.run.xml'.
\openout1 = `EiWD_zadanie_02.run.xml'.

 ) 
Here is how much of TeX's memory you used:
 20422 strings out of 478864
 342721 string characters out of 2848660
 1230415 words of memory out of 3000000
 37807 multiletter control sequences out of 15000+600000
 414819 words of font info for 55 fonts, out of 8000000 for 9000
 1141 hyphenation exceptions out of 8191
 60i,10n,66p,785b,2090s stack positions out of 5000i,500n,10000p,200000b,80000s
{C:/Users/piotr/AppData/Local/Programs/MiKTeX/fonts/enc/dvips/pl/plsc.enc}{C:/Users/piotr/AppData/Local/Programs/MiKTeX/fonts/enc/dvips/pl/plrm.enc}{C:/Users/piotr/AppData/Local/Programs/MiKTeX/fonts/enc/dvips/pl/plit.enc}{C:/Users/piotr/AppData/Local/Programs/MiKTeX/fonts/enc/dvips/pl/plmi.enc} <C:\Users\piotr\AppData\Local\MiKTeX\fonts/pk/ljfour/jknappen/ec/dpi600\tcrm1095.pk>{C:/Users/piotr/AppData/Local/Programs/MiKTeX/fonts/enc/dvips/pl/pltt.enc}<C:/Users/piotr/AppData/Local/Programs/MiKTeX/fonts/type1/public/pl/plbx10.pfb><C:/Users/piotr/AppData/Local/Programs/MiKTeX/fonts/type1/public/pl/plbx12.pfb><C:/Users/piotr/AppData/Local/Programs/MiKTeX/fonts/type1/public/pl/plbxti10.pfb><C:/Users/piotr/AppData/Local/Programs/MiKTeX/fonts/type1/public/pl/plcsc10.pfb><C:/Users/piotr/AppData/Local/Programs/MiKTeX/fonts/type1/public/pl/plmi10.pfb><C:/Users/piotr/AppData/Local/Programs/MiKTeX/fonts/type1/public/pl/plr10.pfb><C:/Users/piotr/AppData/Local/Programs/MiKTeX/fonts/type1/public/pl/plr6.pfb><C:/Users/piotr/AppData/Local/Programs/MiKTeX/fonts/type1/public/pl/plss12.pfb><C:/Users/piotr/AppData/Local/Programs/MiKTeX/fonts/type1/public/pl/plss17.pfb><C:/Users/piotr/AppData/Local/Programs/MiKTeX/fonts/type1/public/pl/plti10.pfb><C:/Users/piotr/AppData/Local/Programs/MiKTeX/fonts/type1/public/pl/pltt10.pfb><C:/Users/piotr/AppData/Local/Programs/MiKTeX/fonts/type1/public/pl/pltt9.pfb>
Output written on "c:/Users\piotr\Documents\Semestr 3\EiWD_zadanie_02.pdf" (26 pages, 4932372 bytes).
PDF statistics:
 579 PDF objects out of 1000 (max. 8388607)
 276 named destinations out of 1000 (max. 500000)
 106 words of extra memory for PDF output out of 10000 (max. 10000000)

